<?xml version="1.0" encoding="UTF-8"?>
<!-- Generated by org.testng.reporters.JUnitReportReporter -->
<testsuite skipped="0" hostname="ip-172-31-83-226" name="in.amazon.testscripts.BuyMobilePhoneTest" tests="1" failures="0" timestamp="2021-11-08T10:33:05 UTC" time="8.488" errors="0">
  <testcase name="buyMobile" time="8.488" classname="in.amazon.testscripts.BuyMobilePhoneTest"/>
  <system-out/>
</testsuite> <!-- in.amazon.testscripts.BuyMobilePhoneTest -->
