<?xml version="1.0" encoding="UTF-8"?>
<!-- Generated by org.testng.reporters.JUnitReportReporter -->
<testsuite skipped="0" hostname="ip-172-31-83-226" name="in.amazon.testscripts.DDFTest" tests="1" failures="0" timestamp="2021-11-12T06:30:14 UTC" time="15.500" errors="0">
  <testcase name="invalidUserShouldNotBeAbleToLogin" time="15.500" classname="in.amazon.testscripts.DDFTest"/>
  <system-out/>
</testsuite> <!-- in.amazon.testscripts.DDFTest -->
