<?xml version="1.0" encoding="UTF-8"?>
<!-- Generated by org.testng.reporters.JUnitReportReporter -->
<testsuite skipped="0" hostname="ip-172-31-83-226" name="in.amazon.testscripts.invaliduserTest" tests="1" failures="0" timestamp="2021-11-11T12:23:00 UTC" time="4.233" errors="0">
  <testcase name="invalidUserShouldNotBeAbleToLogin" time="4.233" classname="in.amazon.testscripts.invaliduserTest"/>
  <system-out/>
</testsuite> <!-- in.amazon.testscripts.invaliduserTest -->
